<?xml version="1.0" encoding="UTF-8"?>
<testng-results skipped="0" failed="0" ignored="0" total="1" passed="1">
  <reporter-output>
  </reporter-output>
  <suite name="Default suite" duration-ms="357" started-at="2019-07-01T10:50:24Z" finished-at="2019-07-01T10:50:24Z">
    <groups>
      <group name="cucumber">
        <method signature="RunnerClass.feature(cucumber.api.testng.CucumberFeatureWrapper)[pri:0, instance:com.AutoIntegrate.TestAutoIntegrate.RunnerClass@3891771e]" name="feature" class="com.AutoIntegrate.TestAutoIntegrate.RunnerClass"/>
      </group> <!-- cucumber -->
    </groups>
    <test name="Default test" duration-ms="357" started-at="2019-07-01T10:50:24Z" finished-at="2019-07-01T10:50:24Z">
      <class name="com.AutoIntegrate.TestAutoIntegrate.RunnerClass">
        <test-method status="PASS" signature="setUpClass()[pri:0, instance:com.AutoIntegrate.TestAutoIntegrate.RunnerClass@3891771e]" name="setUpClass" is-config="true" duration-ms="169" started-at="2019-07-01T10:50:24Z" finished-at="2019-07-01T10:50:24Z">
          <reporter-output>
          </reporter-output>
        </test-method> <!-- setUpClass -->
        <test-method status="PASS" signature="feature(cucumber.api.testng.CucumberFeatureWrapper)[pri:0, instance:com.AutoIntegrate.TestAutoIntegrate.RunnerClass@3891771e]" name="feature" duration-ms="26" started-at="2019-07-01T10:50:24Z" description="Runs Cucumber Feature" data-provider="features" finished-at="2019-07-01T10:50:24Z">
          <params>
            <param index="0">
              <value>
                <![CDATA[Login Test]]>
              </value>
            </param>
          </params>
          <reporter-output>
          </reporter-output>
        </test-method> <!-- feature -->
        <test-method status="PASS" signature="tearDownClass()[pri:0, instance:com.AutoIntegrate.TestAutoIntegrate.RunnerClass@3891771e]" name="tearDownClass" is-config="true" duration-ms="74" started-at="2019-07-01T10:50:24Z" finished-at="2019-07-01T10:50:24Z">
          <reporter-output>
          </reporter-output>
        </test-method> <!-- tearDownClass -->
      </class> <!-- com.AutoIntegrate.TestAutoIntegrate.RunnerClass -->
    </test> <!-- Default test -->
  </suite> <!-- Default suite -->
</testng-results>
